2024.05.06 19:01:35.740 INFO  View.MazeLogger - Starting new game
2024.05.06 19:01:38.926 INFO  View.MazeLogger - User requests a new maze, connecting to server...
2024.05.06 19:01:38.926 INFO  View.MazeLogger - User successfully connected to Server.
2024.05.06 19:01:38.934 INFO  View.MazeLogger - New maze generated using MyMazeGenerator maze generator
2024.05.06 19:01:38.938 INFO  View.MazeLogger - Maze info: rows - 5 cols - 5 start position - {0,2} goal position - {3,4}
2024.05.06 19:01:55.064 INFO  View.MazeLogger - Opening Maze Runner Configuration window
2024.05.06 19:02:00.682 INFO  View.MazeLogger - Starting new game
2024.05.06 19:02:06.009 INFO  View.MazeLogger - User requests a new maze, connecting to server...
2024.05.06 19:02:06.011 INFO  View.MazeLogger - User successfully connected to Server.
2024.05.06 19:02:06.018 INFO  View.MazeLogger - New maze generated using MyMazeGenerator maze generator
2024.05.06 19:02:06.021 INFO  View.MazeLogger - Maze info: rows - 2 cols - 10 start position - {0,5} goal position - {1,9}
2024.05.06 19:05:33.869 INFO  View.MazeLogger - Opening Maze Runner Configuration window
2024.05.06 19:05:37.590 INFO  View.MazeLogger - Starting new game
2024.05.06 19:05:38.932 INFO  View.MazeLogger - User requests a new maze, connecting to server...
2024.05.06 19:05:38.934 INFO  View.MazeLogger - User successfully connected to Server.
2024.05.06 19:05:38.950 INFO  View.MazeLogger - New maze generated using MyMazeGenerator maze generator
2024.05.06 19:05:38.954 INFO  View.MazeLogger - Maze info: rows - 50 cols - 50 start position - {0,25} goal position - {46,0}
2024.05.06 21:34:59.414 INFO  View.MazeLogger - Starting new game
2024.05.06 21:35:04.431 INFO  View.MazeLogger - User requests a new maze, connecting to server...
2024.05.06 21:35:04.432 INFO  View.MazeLogger - User successfully connected to Server.
2024.05.06 21:35:04.448 INFO  View.MazeLogger - New maze generated using MyMazeGenerator maze generator
2024.05.06 21:35:04.456 INFO  View.MazeLogger - Maze info: rows - 5 cols - 5 start position - {0,2} goal position - {4,3}
2024.05.06 21:37:04.248 INFO  View.MazeLogger - Opening Maze Runner Configuration window
2024.05.06 21:38:57.804 INFO  View.MazeLogger - Starting new game
2024.05.06 21:39:03.416 INFO  View.MazeLogger - User requests a new maze, connecting to server...
2024.05.06 21:39:03.418 INFO  View.MazeLogger - User successfully connected to Server.
2024.05.06 21:39:03.430 INFO  View.MazeLogger - New maze generated using MyMazeGenerator maze generator
2024.05.06 21:39:03.435 INFO  View.MazeLogger - Maze info: rows - 5 cols - 5 start position - {0,2} goal position - {0,0}
2024.05.06 21:51:15.797 INFO  View.MazeLogger - Starting new game
2024.05.06 21:51:20.121 INFO  View.MazeLogger - User requests a new maze, connecting to server...
2024.05.06 21:51:20.122 INFO  View.MazeLogger - User successfully connected to Server.
2024.05.06 21:51:20.130 INFO  View.MazeLogger - New maze generated using MyMazeGenerator maze generator
2024.05.06 21:51:20.135 INFO  View.MazeLogger - Maze info: rows - 5 cols - 5 start position - {0,2} goal position - {4,4}
2024.05.06 22:07:27.593 INFO  View.MazeLogger - Starting new game
2024.05.06 22:07:31.901 INFO  View.MazeLogger - User requests a new maze, connecting to server...
2024.05.06 22:07:31.901 INFO  View.MazeLogger - User successfully connected to Server.
2024.05.06 22:07:31.911 INFO  View.MazeLogger - New maze generated using MyMazeGenerator maze generator
2024.05.06 22:07:31.916 INFO  View.MazeLogger - Maze info: rows - 5 cols - 5 start position - {0,2} goal position - {3,3}
2024.05.06 22:12:57.801 INFO  View.MazeLogger - Opening Maze Runner Configuration window
2024.05.06 22:13:02.422 INFO  View.MazeLogger - Starting new game
2024.05.06 22:13:08.092 INFO  View.MazeLogger - User requests a new maze, connecting to server...
2024.05.06 22:13:08.102 INFO  View.MazeLogger - New maze generated using MyMazeGenerator maze generator
2024.05.06 22:13:08.107 INFO  View.MazeLogger - Maze info: rows - 5 cols - 5 start position - {0,2} goal position - {3,4}
2024.05.06 22:14:15.766 INFO  View.MazeLogger - Starting new game
2024.05.06 22:14:18.842 INFO  View.MazeLogger - User requests a new maze, connecting to server...
2024.05.06 22:14:18.868 INFO  View.MazeLogger - New maze generated using MyMazeGenerator maze generator
2024.05.06 22:14:18.872 INFO  View.MazeLogger - Maze info: rows - 50 cols - 50 start position - {0,25} goal position - {49,49}
2024.05.06 22:33:03.822 INFO  View.MazeLogger - Starting new game
2024.05.06 22:33:06.230 INFO  View.MazeLogger - User requests a new maze, connecting to server...
2024.05.06 22:33:06.259 INFO  View.MazeLogger - New maze generated using MyMazeGenerator maze generator
2024.05.06 22:33:06.264 INFO  View.MazeLogger - Maze info: rows - 50 cols - 50 start position - {0,25} goal position - {47,49}
2024.05.06 22:37:50.639 INFO  View.MazeLogger - Starting new game
2024.05.06 22:37:57.854 INFO  View.MazeLogger - User requests a new maze, connecting to server...
2024.05.06 22:37:57.862 INFO  View.MazeLogger - New maze generated using MyMazeGenerator maze generator
2024.05.06 22:37:57.865 INFO  View.MazeLogger - Maze info: rows - 5 cols - 5 start position - {0,2} goal position - {2,2}
2024.05.06 23:58:17.640 INFO  View.MazeLogger - Starting new game
2024.05.06 23:58:22.096 INFO  View.MazeLogger - User requests a new maze, connecting to server...
2024.05.06 23:58:22.105 INFO  View.MazeLogger - New maze generated using MyMazeGenerator maze generator
2024.05.06 23:58:22.110 INFO  View.MazeLogger - Maze info: rows - 5 cols - 5 start position - {0,2} goal position - {2,0}
2024.05.06 23:59:30.594 INFO  View.MazeLogger - Starting new game
2024.05.06 23:59:32.177 INFO  View.MazeLogger - User requests a new maze, connecting to server...
2024.05.06 23:59:32.199 INFO  View.MazeLogger - New maze generated using MyMazeGenerator maze generator
2024.05.06 23:59:32.203 INFO  View.MazeLogger - Maze info: rows - 50 cols - 50 start position - {0,25} goal position - {49,1}
2024.05.07 00:03:33.667 INFO  View.MazeLogger - Starting new game
2024.05.07 00:03:34.500 INFO  View.MazeLogger - User requests a new maze, connecting to server...
2024.05.07 00:03:34.519 INFO  View.MazeLogger - New maze generated using MyMazeGenerator maze generator
2024.05.07 00:03:34.526 INFO  View.MazeLogger - Maze info: rows - 50 cols - 50 start position - {0,25} goal position - {47,0}
2024.05.07 00:05:53.556 INFO  View.MazeLogger - Starting new game
2024.05.07 00:05:54.329 INFO  View.MazeLogger - User requests a new maze, connecting to server...
2024.05.07 00:05:54.350 INFO  View.MazeLogger - New maze generated using MyMazeGenerator maze generator
2024.05.07 00:05:54.354 INFO  View.MazeLogger - Maze info: rows - 50 cols - 50 start position - {0,25} goal position - {46,45}
2024.05.07 00:07:59.186 INFO  View.MazeLogger - Starting new game
2024.05.07 00:08:02.195 INFO  View.MazeLogger - User requests a new maze, connecting to server...
2024.05.07 00:08:02.219 INFO  View.MazeLogger - New maze generated using MyMazeGenerator maze generator
2024.05.07 00:08:02.226 INFO  View.MazeLogger - Maze info: rows - 50 cols - 50 start position - {0,25} goal position - {48,0}
2024.05.07 00:09:45.009 INFO  View.MazeLogger - Starting new game
2024.05.07 00:09:46.016 INFO  View.MazeLogger - User requests a new maze, connecting to server...
2024.05.07 00:09:46.036 INFO  View.MazeLogger - New maze generated using MyMazeGenerator maze generator
2024.05.07 00:09:46.041 INFO  View.MazeLogger - Maze info: rows - 50 cols - 50 start position - {0,25} goal position - {44,39}
2024.05.07 00:12:16.596 INFO  View.MazeLogger - Starting new game
2024.05.07 00:12:17.482 INFO  View.MazeLogger - User requests a new maze, connecting to server...
2024.05.07 00:12:17.501 INFO  View.MazeLogger - New maze generated using MyMazeGenerator maze generator
2024.05.07 00:12:17.505 INFO  View.MazeLogger - Maze info: rows - 50 cols - 50 start position - {0,25} goal position - {49,19}
2024.05.07 00:14:06.916 INFO  View.MazeLogger - Starting new game
2024.05.07 00:14:08.126 INFO  View.MazeLogger - User requests a new maze, connecting to server...
2024.05.07 00:14:08.146 INFO  View.MazeLogger - New maze generated using MyMazeGenerator maze generator
2024.05.07 00:14:08.150 INFO  View.MazeLogger - Maze info: rows - 50 cols - 50 start position - {0,25} goal position - {45,46}
2024.05.07 00:16:09.705 INFO  View.MazeLogger - Starting new game
2024.05.07 00:16:10.978 INFO  View.MazeLogger - User requests a new maze, connecting to server...
2024.05.07 00:16:10.996 INFO  View.MazeLogger - New maze generated using MyMazeGenerator maze generator
2024.05.07 00:16:11.000 INFO  View.MazeLogger - Maze info: rows - 50 cols - 50 start position - {0,25} goal position - {44,47}
2024.05.07 00:16:29.643 INFO  View.MazeLogger - Starting new game
2024.05.07 00:16:34.439 INFO  View.MazeLogger - User requests a new maze, connecting to server...
2024.05.07 00:16:34.448 INFO  View.MazeLogger - New maze generated using MyMazeGenerator maze generator
2024.05.07 00:16:34.453 INFO  View.MazeLogger - Maze info: rows - 10 cols - 10 start position - {0,5} goal position - {9,6}
2024.05.07 00:16:42.853 INFO  View.MazeLogger - Opening Maze Runner Configuration window
2024.05.07 00:16:48.886 INFO  View.MazeLogger - User requests a new maze, connecting to server...
2024.05.07 00:16:48.900 INFO  View.MazeLogger - New maze generated using MyMazeGenerator maze generator
2024.05.07 00:16:48.901 INFO  View.MazeLogger - Maze info: rows - 50 cols - 50 start position - {0,25} goal position - {48,3}
2024.05.07 00:16:52.986 INFO  View.MazeLogger - Opening Maze Runner Configuration window
2024.05.07 00:16:57.537 INFO  View.MazeLogger - Opening Maze Runner Configuration window
2024.05.07 00:17:02.404 INFO  View.MazeLogger - User requests a new maze, connecting to server...
2024.05.07 00:17:02.419 INFO  View.MazeLogger - New maze generated using MyMazeGenerator maze generator
2024.05.07 00:17:02.419 INFO  View.MazeLogger - Maze info: rows - 50 cols - 50 start position - {0,25} goal position - {48,5}
2024.05.07 00:17:16.448 INFO  View.MazeLogger - Opening Maze Runner Configuration window
2024.05.07 00:17:19.534 INFO  View.MazeLogger - Starting new game
2024.05.07 00:17:20.512 INFO  View.MazeLogger - User requests a new maze, connecting to server...
2024.05.07 00:17:20.531 INFO  View.MazeLogger - New maze generated using MyMazeGenerator maze generator
2024.05.07 00:17:20.535 INFO  View.MazeLogger - Maze info: rows - 50 cols - 50 start position - {0,25} goal position - {48,29}
2024.05.07 00:17:35.371 INFO  View.MazeLogger - Starting new game
2024.05.07 00:17:38.702 INFO  View.MazeLogger - User requests a new maze, connecting to server...
2024.05.07 00:17:38.711 INFO  View.MazeLogger - New maze generated using MyMazeGenerator maze generator
2024.05.07 00:17:38.715 INFO  View.MazeLogger - Maze info: rows - 10 cols - 10 start position - {0,5} goal position - {7,8}
2024.05.07 00:17:50.235 INFO  View.MazeLogger - User requests a new maze, connecting to server...
2024.05.07 00:17:50.248 INFO  View.MazeLogger - New maze generated using MyMazeGenerator maze generator
2024.05.07 00:17:50.248 INFO  View.MazeLogger - Maze info: rows - 50 cols - 50 start position - {0,25} goal position - {46,35}
2024.05.07 00:17:54.429 INFO  View.MazeLogger - User requested a solution to the maze
2024.05.07 00:17:54.430 INFO  View.MazeLogger - Connecting to a Maze Solving Server...
2024.05.07 00:17:54.430 INFO  View.MazeLogger - Program will use BreadthFirstSearch solving algorithm
2024.05.07 00:17:54.451 INFO  View.MazeLogger - Sending solution
2024.05.07 00:18:51.065 INFO  View.MazeLogger - Starting new game
2024.05.07 00:18:53.269 INFO  View.MazeLogger - User requests a new maze, connecting to server...
2024.05.07 00:18:53.278 INFO  View.MazeLogger - New maze generated using MyMazeGenerator maze generator
2024.05.07 00:18:53.282 INFO  View.MazeLogger - Maze info: rows - 10 cols - 10 start position - {0,5} goal position - {5,6}
2024.05.07 00:43:24.883 INFO  View.MazeLogger - Opening Maze Runner Configuration window
2024.05.07 00:43:29.253 INFO  View.MazeLogger - Starting new game
2024.05.07 00:43:30.168 INFO  View.MazeLogger - User requests a new maze, connecting to server...
2024.05.07 00:43:30.187 INFO  View.MazeLogger - New maze generated using MyMazeGenerator maze generator
2024.05.07 00:43:30.191 INFO  View.MazeLogger - Maze info: rows - 50 cols - 50 start position - {0,25} goal position - {48,0}
2024.05.07 00:46:47.566 INFO  View.MazeLogger - Starting new game
2024.05.07 00:46:48.464 INFO  View.MazeLogger - User requests a new maze, connecting to server...
2024.05.07 00:46:48.484 INFO  View.MazeLogger - New maze generated using MyMazeGenerator maze generator
2024.05.07 00:46:48.488 INFO  View.MazeLogger - Maze info: rows - 50 cols - 50 start position - {0,25} goal position - {49,42}
2024.05.07 00:46:52.735 INFO  View.MazeLogger - User requests a new maze, connecting to server...
2024.05.07 00:46:52.750 INFO  View.MazeLogger - New maze generated using MyMazeGenerator maze generator
2024.05.07 00:46:52.750 INFO  View.MazeLogger - Maze info: rows - 50 cols - 50 start position - {0,25} goal position - {43,4}
2024.05.07 00:46:54.923 INFO  View.MazeLogger - Opening Maze Runner Configuration window
2024.05.07 00:47:00.436 INFO  View.MazeLogger - User requests a new maze, connecting to server...
2024.05.07 00:47:00.444 INFO  View.MazeLogger - New maze generated using EmptyMazeGenerator maze generator
2024.05.07 00:47:00.444 INFO  View.MazeLogger - Maze info: rows - 50 cols - 50 start position - {0,0} goal position - {49,49}
